<?xml version="1.0" encoding="UTF-8"?>
<testsuite name="com.brian.translator_kmm.translate.presentation.TranslateViewModelTest" tests="1" skipped="0" failures="0" errors="0" timestamp="2023-01-15T02:50:44" hostname="WIN11V1" time="0.134">
  <properties/>
  <testcase name="Translate success - state properly updated" classname="com.brian.translator_kmm.translate.presentation.TranslateViewModelTest" time="0.134"/>
  <system-out><![CDATA[]]></system-out>
  <system-err><![CDATA[]]></system-err>
</testsuite>
